{"/home/israa/Rawdaty/server/app.js": {"path":"/home/israa/Rawdaty/server/app.js","statementMap":{"0":{"start":{"line":1,"column":0},"end":{"line":1,"column":27}},"1":{"start":{"line":3,"column":16},"end":{"line":3,"column":34}},"2":{"start":{"line":4,"column":20},"end":{"line":4,"column":42}},"3":{"start":{"line":5,"column":21},"end":{"line":5,"column":45}},"4":{"start":{"line":6,"column":17},"end":{"line":6,"column":32}},"5":{"start":{"line":8,"column":15},"end":{"line":8,"column":34}},"6":{"start":{"line":9,"column":37},"end":{"line":9,"column":73}},"7":{"start":{"line":11,"column":12},"end":{"line":11,"column":21}},"8":{"start":{"line":13,"column":0},"end":{"line":13,"column":42}},"9":{"start":{"line":14,"column":0},"end":{"line":14,"column":28}},"10":{"start":{"line":16,"column":0},"end":{"line":16,"column":24}},"11":{"start":{"line":17,"column":0},"end":{"line":17,"column":24}},"12":{"start":{"line":18,"column":0},"end":{"line":18,"column":23}},"13":{"start":{"line":19,"column":0},"end":{"line":19,"column":49}},"14":{"start":{"line":21,"column":0},"end":{"line":21,"column":28}},"15":{"start":{"line":23,"column":0},"end":{"line":28,"column":1}},"16":{"start":{"line":24,"column":2},"end":{"line":24,"column":68}},"17":{"start":{"line":25,"column":2},"end":{"line":27,"column":5}},"18":{"start":{"line":26,"column":4},"end":{"line":26,"column":73}},"19":{"start":{"line":30,"column":0},"end":{"line":30,"column":21}},"20":{"start":{"line":31,"column":0},"end":{"line":31,"column":21}},"21":{"start":{"line":33,"column":0},"end":{"line":33,"column":21}}},"fnMap":{"0":{"name":"(anonymous_0)","decl":{"start":{"line":25,"column":15},"end":{"line":25,"column":16}},"loc":{"start":{"line":25,"column":29},"end":{"line":27,"column":3}},"line":25}},"branchMap":{"0":{"loc":{"start":{"line":13,"column":16},"end":{"line":13,"column":40}},"type":"binary-expr","locations":[{"start":{"line":13,"column":16},"end":{"line":13,"column":32}},{"start":{"line":13,"column":36},"end":{"line":13,"column":40}}],"line":13},"1":{"loc":{"start":{"line":23,"column":0},"end":{"line":28,"column":1}},"type":"if","locations":[{"start":{"line":23,"column":0},"end":{"line":28,"column":1}},{"start":{"line":23,"column":0},"end":{"line":28,"column":1}}],"line":23}},"s":{"0":1,"1":1,"2":1,"3":1,"4":1,"5":1,"6":1,"7":1,"8":1,"9":1,"10":1,"11":1,"12":1,"13":1,"14":1,"15":1,"16":0,"17":0,"18":0,"19":1,"20":1,"21":1},"f":{"0":0},"b":{"0":[1,1],"1":[0,1]},"_coverageSchema":"1a1c01bbd47fc00a2c39e90264f33305004495a9","hash":"3b48bf2683bd0dbaaa1f3bad78fdaf1638f15c25"}
,"/home/israa/Rawdaty/server/controllers/index.js": {"path":"/home/israa/Rawdaty/server/controllers/index.js","statementMap":{"0":{"start":{"line":1,"column":37},"end":{"line":1,"column":61}},"1":{"start":{"line":3,"column":36},"end":{"line":3,"column":61}},"2":{"start":{"line":5,"column":0},"end":{"line":11,"column":2}}},"fnMap":{},"branchMap":{},"s":{"0":1,"1":1,"2":1},"f":{},"b":{},"_coverageSchema":"1a1c01bbd47fc00a2c39e90264f33305004495a9","hash":"3f9d4392b1d2a8c2624b5feabc69e0595f83ce6c"}
,"/home/israa/Rawdaty/server/controllers/errorHandle/clientError.js": {"path":"/home/israa/Rawdaty/server/controllers/errorHandle/clientError.js","statementMap":{"0":{"start":{"line":1,"column":20},"end":{"line":1,"column":42}},"1":{"start":{"line":3,"column":20},"end":{"line":6,"column":1}},"2":{"start":{"line":4,"column":23},"end":{"line":4,"column":73}},"3":{"start":{"line":5,"column":2},"end":{"line":5,"column":37}},"4":{"start":{"line":8,"column":0},"end":{"line":8,"column":29}}},"fnMap":{"0":{"name":"(anonymous_0)","decl":{"start":{"line":3,"column":20},"end":{"line":3,"column":21}},"loc":{"start":{"line":3,"column":34},"end":{"line":6,"column":1}},"line":3}},"branchMap":{},"s":{"0":1,"1":1,"2":0,"3":0,"4":1},"f":{"0":0},"b":{},"_coverageSchema":"1a1c01bbd47fc00a2c39e90264f33305004495a9","hash":"050ae69c0492b12270e0e9803fc23f2eea2c59bc"}
,"/home/israa/Rawdaty/server/controllers/errorHandle/index.js": {"path":"/home/israa/Rawdaty/server/controllers/errorHandle/index.js","statementMap":{"0":{"start":{"line":1,"column":20},"end":{"line":1,"column":44}},"1":{"start":{"line":2,"column":20},"end":{"line":2,"column":44}},"2":{"start":{"line":4,"column":0},"end":{"line":7,"column":2}}},"fnMap":{},"branchMap":{},"s":{"0":1,"1":1,"2":1},"f":{},"b":{},"_coverageSchema":"1a1c01bbd47fc00a2c39e90264f33305004495a9","hash":"bc175195b2ec9813be0a3ab0a53021a34b79235a"}
,"/home/israa/Rawdaty/server/controllers/errorHandle/serverError.js": {"path":"/home/israa/Rawdaty/server/controllers/errorHandle/serverError.js","statementMap":{"0":{"start":{"line":1,"column":20},"end":{"line":1,"column":42}},"1":{"start":{"line":4,"column":20},"end":{"line":10,"column":1}},"2":{"start":{"line":5,"column":23},"end":{"line":7,"column":67}},"3":{"start":{"line":9,"column":2},"end":{"line":9,"column":55}},"4":{"start":{"line":12,"column":0},"end":{"line":12,"column":29}}},"fnMap":{"0":{"name":"(anonymous_0)","decl":{"start":{"line":4,"column":20},"end":{"line":4,"column":21}},"loc":{"start":{"line":4,"column":45},"end":{"line":10,"column":1}},"line":4}},"branchMap":{"0":{"loc":{"start":{"line":5,"column":23},"end":{"line":7,"column":67}},"type":"cond-expr","locations":[{"start":{"line":6,"column":6},"end":{"line":6,"column":9}},{"start":{"line":7,"column":6},"end":{"line":7,"column":67}}],"line":5},"1":{"loc":{"start":{"line":9,"column":13},"end":{"line":9,"column":34}},"type":"binary-expr","locations":[{"start":{"line":9,"column":13},"end":{"line":9,"column":27}},{"start":{"line":9,"column":31},"end":{"line":9,"column":34}}],"line":9}},"s":{"0":1,"1":1,"2":4,"3":4,"4":1},"f":{"0":4},"b":{"0":[4,0],"1":[4,0]},"_coverageSchema":"1a1c01bbd47fc00a2c39e90264f33305004495a9","hash":"f40a595c6f3b3ec312db1552fa1401c7312f6e6d"}
,"/home/israa/Rawdaty/server/controllers/kindergarten/getSpecificKindergarten.js": {"path":"/home/israa/Rawdaty/server/controllers/kindergarten/getSpecificKindergarten.js","statementMap":{"0":{"start":{"line":1,"column":32},"end":{"line":1,"column":78}},"1":{"start":{"line":2,"column":20},"end":{"line":2,"column":42}},"2":{"start":{"line":3,"column":33},"end":{"line":3,"column":66}},"3":{"start":{"line":5,"column":32},"end":{"line":30,"column":1}},"4":{"start":{"line":6,"column":2},"end":{"line":29,"column":3}},"5":{"start":{"line":7,"column":31},"end":{"line":9,"column":6}},"6":{"start":{"line":11,"column":27},"end":{"line":11,"column":68}},"7":{"start":{"line":12,"column":4},"end":{"line":18,"column":5}},"8":{"start":{"line":13,"column":6},"end":{"line":17,"column":9}},"9":{"start":{"line":20,"column":4},"end":{"line":22,"column":6}},"10":{"start":{"line":24,"column":4},"end":{"line":28,"column":6}},"11":{"start":{"line":32,"column":0},"end":{"line":32,"column":41}}},"fnMap":{"0":{"name":"(anonymous_0)","decl":{"start":{"line":5,"column":32},"end":{"line":5,"column":33}},"loc":{"start":{"line":5,"column":58},"end":{"line":30,"column":1}},"line":5}},"branchMap":{"0":{"loc":{"start":{"line":12,"column":4},"end":{"line":18,"column":5}},"type":"if","locations":[{"start":{"line":12,"column":4},"end":{"line":18,"column":5}},{"start":{"line":12,"column":4},"end":{"line":18,"column":5}}],"line":12},"1":{"loc":{"start":{"line":25,"column":6},"end":{"line":27,"column":15}},"type":"cond-expr","locations":[{"start":{"line":26,"column":10},"end":{"line":26,"column":56}},{"start":{"line":27,"column":10},"end":{"line":27,"column":15}}],"line":25}},"s":{"0":1,"1":1,"2":1,"3":1,"4":5,"5":5,"6":2,"7":2,"8":1,"9":1,"10":3,"11":1},"f":{"0":5},"b":{"0":[1,1],"1":[3,0]},"_coverageSchema":"1a1c01bbd47fc00a2c39e90264f33305004495a9","hash":"820ecbb44f6294fa31268a109620c1580f242001"}
,"/home/israa/Rawdaty/server/controllers/kindergarten/index.js": {"path":"/home/israa/Rawdaty/server/controllers/kindergarten/index.js","statementMap":{"0":{"start":{"line":1,"column":32},"end":{"line":1,"column":68}},"1":{"start":{"line":3,"column":0},"end":{"line":5,"column":2}}},"fnMap":{},"branchMap":{},"s":{"0":1,"1":1},"f":{},"b":{},"_coverageSchema":"1a1c01bbd47fc00a2c39e90264f33305004495a9","hash":"0190d307c97531bf86062d5151ec04e44f111968"}
,"/home/israa/Rawdaty/server/database/data/build.js": {"path":"/home/israa/Rawdaty/server/database/data/build.js","statementMap":{"0":{"start":{"line":1,"column":25},"end":{"line":1,"column":38}},"1":{"start":{"line":2,"column":17},"end":{"line":2,"column":32}},"2":{"start":{"line":3,"column":19},"end":{"line":3,"column":42}},"3":{"start":{"line":5,"column":16},"end":{"line":11,"column":1}},"4":{"start":{"line":6,"column":12},"end":{"line":6,"column":67}},"5":{"start":{"line":7,"column":2},"end":{"line":9,"column":3}},"6":{"start":{"line":8,"column":4},"end":{"line":8,"column":71}},"7":{"start":{"line":10,"column":2},"end":{"line":10,"column":31}},"8":{"start":{"line":12,"column":0},"end":{"line":12,"column":25}}},"fnMap":{"0":{"name":"(anonymous_0)","decl":{"start":{"line":5,"column":16},"end":{"line":5,"column":17}},"loc":{"start":{"line":5,"column":22},"end":{"line":11,"column":1}},"line":5}},"branchMap":{"0":{"loc":{"start":{"line":7,"column":2},"end":{"line":9,"column":3}},"type":"if","locations":[{"start":{"line":7,"column":2},"end":{"line":9,"column":3}},{"start":{"line":7,"column":2},"end":{"line":9,"column":3}}],"line":7}},"s":{"0":1,"1":1,"2":1,"3":1,"4":1,"5":1,"6":1,"7":1,"8":1},"f":{"0":1},"b":{"0":[1,0]},"_coverageSchema":"1a1c01bbd47fc00a2c39e90264f33305004495a9","hash":"2252e95094bb4139a40712e22adb6d492096e7f9"}
,"/home/israa/Rawdaty/server/database/data/connection.js": {"path":"/home/israa/Rawdaty/server/database/data/connection.js","statementMap":{"0":{"start":{"line":1,"column":0},"end":{"line":1,"column":27}},"1":{"start":{"line":2,"column":17},"end":{"line":2,"column":30}},"2":{"start":{"line":4,"column":12},"end":{"line":4,"column":14}},"3":{"start":{"line":7,"column":4},"end":{"line":7,"column":11}},"4":{"start":{"line":8,"column":0},"end":{"line":23,"column":1}},"5":{"start":{"line":10,"column":4},"end":{"line":10,"column":25}},"6":{"start":{"line":11,"column":4},"end":{"line":11,"column":10}},"7":{"start":{"line":14,"column":4},"end":{"line":14,"column":23}},"8":{"start":{"line":15,"column":4},"end":{"line":15,"column":10}},"9":{"start":{"line":18,"column":4},"end":{"line":18,"column":24}},"10":{"start":{"line":19,"column":4},"end":{"line":19,"column":10}},"11":{"start":{"line":22,"column":4},"end":{"line":22,"column":52}},"12":{"start":{"line":25,"column":15},"end":{"line":30,"column":1}},"13":{"start":{"line":32,"column":0},"end":{"line":32,"column":34}}},"fnMap":{},"branchMap":{"0":{"loc":{"start":{"line":8,"column":0},"end":{"line":23,"column":1}},"type":"switch","locations":[{"start":{"line":9,"column":2},"end":{"line":11,"column":10}},{"start":{"line":13,"column":2},"end":{"line":15,"column":10}},{"start":{"line":17,"column":2},"end":{"line":19,"column":10}},{"start":{"line":21,"column":2},"end":{"line":22,"column":52}}],"line":8}},"s":{"0":1,"1":1,"2":1,"3":1,"4":1,"5":0,"6":0,"7":0,"8":0,"9":1,"10":1,"11":0,"12":1,"13":1},"f":{},"b":{"0":[0,0,1,0]},"_coverageSchema":"1a1c01bbd47fc00a2c39e90264f33305004495a9","hash":"043684ff100b6d6a1727da1ae66c90480dd5fd0f"}
,"/home/israa/Rawdaty/server/database/data/index.js": {"path":"/home/israa/Rawdaty/server/database/data/index.js","statementMap":{"0":{"start":{"line":1,"column":19},"end":{"line":1,"column":42}},"1":{"start":{"line":2,"column":16},"end":{"line":2,"column":34}},"2":{"start":{"line":4,"column":0},"end":{"line":7,"column":2}}},"fnMap":{},"branchMap":{},"s":{"0":1,"1":1,"2":1},"f":{},"b":{},"_coverageSchema":"1a1c01bbd47fc00a2c39e90264f33305004495a9","hash":"2bfc0cdddeb775911b4ad499954c178afd3905a2"}
,"/home/israa/Rawdaty/server/database/queries/index.js": {"path":"/home/israa/Rawdaty/server/database/queries/index.js","statementMap":{"0":{"start":{"line":1,"column":32},"end":{"line":1,"column":57}},"1":{"start":{"line":3,"column":0},"end":{"line":5,"column":2}}},"fnMap":{},"branchMap":{},"s":{"0":1,"1":1},"f":{},"b":{},"_coverageSchema":"1a1c01bbd47fc00a2c39e90264f33305004495a9","hash":"f58d5e6fe40da2ac1bbea2be0ca459ec77bff3c1"}
,"/home/israa/Rawdaty/server/database/queries/kindergarten/getKindergartenById.js": {"path":"/home/israa/Rawdaty/server/database/queries/kindergarten/getKindergartenById.js","statementMap":{"0":{"start":{"line":1,"column":23},"end":{"line":1,"column":44}},"1":{"start":{"line":3,"column":28},"end":{"line":10,"column":1}},"2":{"start":{"line":4,"column":14},"end":{"line":8,"column":3}},"3":{"start":{"line":9,"column":2},"end":{"line":9,"column":31}},"4":{"start":{"line":12,"column":0},"end":{"line":14,"column":2}}},"fnMap":{"0":{"name":"(anonymous_0)","decl":{"start":{"line":3,"column":28},"end":{"line":3,"column":29}},"loc":{"start":{"line":3,"column":48},"end":{"line":10,"column":1}},"line":3}},"branchMap":{},"s":{"0":1,"1":1,"2":4,"3":4,"4":1},"f":{"0":4},"b":{},"_coverageSchema":"1a1c01bbd47fc00a2c39e90264f33305004495a9","hash":"46848d387492606da3fb420ba9608ce51c0268c7"}
,"/home/israa/Rawdaty/server/database/queries/kindergarten/index.js": {"path":"/home/israa/Rawdaty/server/database/queries/kindergarten/index.js","statementMap":{"0":{"start":{"line":1,"column":32},"end":{"line":1,"column":64}},"1":{"start":{"line":3,"column":0},"end":{"line":5,"column":2}}},"fnMap":{},"branchMap":{},"s":{"0":1,"1":1},"f":{},"b":{},"_coverageSchema":"1a1c01bbd47fc00a2c39e90264f33305004495a9","hash":"d9d0b39173c3616a3aaae658434877883e660342"}
,"/home/israa/Rawdaty/server/router/index.js": {"path":"/home/israa/Rawdaty/server/router/index.js","statementMap":{"0":{"start":{"line":1,"column":15},"end":{"line":1,"column":42}},"1":{"start":{"line":2,"column":21},"end":{"line":2,"column":46}},"2":{"start":{"line":4,"column":0},"end":{"line":6,"column":3}},"3":{"start":{"line":5,"column":2},"end":{"line":5,"column":39}},"4":{"start":{"line":8,"column":0},"end":{"line":8,"column":25}},"5":{"start":{"line":10,"column":0},"end":{"line":10,"column":24}},"6":{"start":{"line":12,"column":0},"end":{"line":12,"column":24}}},"fnMap":{"0":{"name":"(anonymous_0)","decl":{"start":{"line":4,"column":16},"end":{"line":4,"column":17}},"loc":{"start":{"line":4,"column":30},"end":{"line":6,"column":1}},"line":4}},"branchMap":{},"s":{"0":1,"1":1,"2":1,"3":0,"4":1,"5":1,"6":1},"f":{"0":0},"b":{},"_coverageSchema":"1a1c01bbd47fc00a2c39e90264f33305004495a9","hash":"bd5f286ca09cdfecaed3226547818ce9a14a29d4"}
,"/home/israa/Rawdaty/server/router/kindergarten.js": {"path":"/home/israa/Rawdaty/server/router/kindergarten.js","statementMap":{"0":{"start":{"line":1,"column":15},"end":{"line":1,"column":42}},"1":{"start":{"line":3,"column":36},"end":{"line":3,"column":61}},"2":{"start":{"line":5,"column":0},"end":{"line":5,"column":69}},"3":{"start":{"line":7,"column":0},"end":{"line":7,"column":24}}},"fnMap":{},"branchMap":{},"s":{"0":1,"1":1,"2":1,"3":1},"f":{},"b":{},"_coverageSchema":"1a1c01bbd47fc00a2c39e90264f33305004495a9","hash":"0878aae8b547e3fa4e5355d6844fba8bdf2f159b"}
,"/home/israa/Rawdaty/server/utils/boomify.js": {"path":"/home/israa/Rawdaty/server/utils/boomify.js","statementMap":{"0":{"start":{"line":1,"column":16},"end":{"line":5,"column":2}},"1":{"start":{"line":1,"column":49},"end":{"line":5,"column":1}},"2":{"start":{"line":7,"column":0},"end":{"line":7,"column":25}}},"fnMap":{"0":{"name":"(anonymous_0)","decl":{"start":{"line":1,"column":16},"end":{"line":1,"column":17}},"loc":{"start":{"line":1,"column":49},"end":{"line":5,"column":1}},"line":1}},"branchMap":{},"s":{"0":1,"1":4,"2":1},"f":{"0":4},"b":{},"_coverageSchema":"1a1c01bbd47fc00a2c39e90264f33305004495a9","hash":"d36fd016402a2bca5610fb5642b3f00115264594"}
,"/home/israa/Rawdaty/server/utils/index.js": {"path":"/home/israa/Rawdaty/server/utils/index.js","statementMap":{"0":{"start":{"line":1,"column":16},"end":{"line":1,"column":36}},"1":{"start":{"line":3,"column":0},"end":{"line":5,"column":2}}},"fnMap":{},"branchMap":{},"s":{"0":1,"1":1},"f":{},"b":{},"_coverageSchema":"1a1c01bbd47fc00a2c39e90264f33305004495a9","hash":"8906c76211719374e99501c453dacb29032398dc"}
,"/home/israa/Rawdaty/server/utils/validation/index.js": {"path":"/home/israa/Rawdaty/server/utils/validation/index.js","statementMap":{"0":{"start":{"line":1,"column":29},"end":{"line":1,"column":62}},"1":{"start":{"line":3,"column":0},"end":{"line":3,"column":42}}},"fnMap":{},"branchMap":{},"s":{"0":1,"1":1},"f":{},"b":{},"_coverageSchema":"1a1c01bbd47fc00a2c39e90264f33305004495a9","hash":"320fe1635c5f8b334ec061b375e582a28154809e"}
,"/home/israa/Rawdaty/server/utils/validation/kindergartenIdSchema.js": {"path":"/home/israa/Rawdaty/server/utils/validation/kindergartenIdSchema.js","statementMap":{"0":{"start":{"line":1,"column":27},"end":{"line":1,"column":41}},"1":{"start":{"line":3,"column":29},"end":{"line":5,"column":2}},"2":{"start":{"line":7,"column":0},"end":{"line":7,"column":38}}},"fnMap":{},"branchMap":{},"s":{"0":1,"1":1,"2":1},"f":{},"b":{},"_coverageSchema":"1a1c01bbd47fc00a2c39e90264f33305004495a9","hash":"33f76810f484708034180e6d1422d2041e072eca"}
}
