TN:
SF:server/app.js
FN:25,(anonymous_0)
FNF:1
FNH:0
FNDA:0,(anonymous_0)
DA:1,1
DA:3,1
DA:4,1
DA:5,1
DA:6,1
DA:8,1
DA:9,1
DA:11,1
DA:13,1
DA:14,1
DA:16,1
DA:17,1
DA:18,1
DA:19,1
DA:21,1
DA:23,1
DA:24,0
DA:25,0
DA:26,0
DA:30,1
DA:31,1
DA:33,1
LF:22
LH:19
BRDA:13,0,0,1
BRDA:13,0,1,1
BRDA:23,1,0,0
BRDA:23,1,1,1
BRF:4
BRH:3
end_of_record
TN:
SF:server/controllers/index.js
FNF:0
FNH:0
DA:1,1
DA:3,1
DA:5,1
LF:3
LH:3
BRF:0
BRH:0
end_of_record
TN:
SF:server/controllers/errorHandle/clientError.js
FN:3,(anonymous_0)
FNF:1
FNH:0
FNDA:0,(anonymous_0)
DA:1,1
DA:3,1
DA:4,0
DA:5,0
DA:8,1
LF:5
LH:3
BRF:0
BRH:0
end_of_record
TN:
SF:server/controllers/errorHandle/index.js
FNF:0
FNH:0
DA:1,1
DA:2,1
DA:4,1
LF:3
LH:3
BRF:0
BRH:0
end_of_record
TN:
SF:server/controllers/errorHandle/serverError.js
FN:4,(anonymous_0)
FNF:1
FNH:1
FNDA:4,(anonymous_0)
DA:1,1
DA:4,1
DA:5,4
DA:9,4
DA:12,1
LF:5
LH:5
BRDA:5,0,0,4
BRDA:5,0,1,0
BRDA:9,1,0,4
BRDA:9,1,1,0
BRF:4
BRH:2
end_of_record
TN:
SF:server/controllers/kindergarten/getSpecificKindergarten.js
FN:5,(anonymous_0)
FNF:1
FNH:1
FNDA:5,(anonymous_0)
DA:1,1
DA:2,1
DA:3,1
DA:5,1
DA:6,5
DA:7,5
DA:11,2
DA:12,2
DA:13,1
DA:20,1
DA:24,3
DA:32,1
LF:12
LH:12
BRDA:12,0,0,1
BRDA:12,0,1,1
BRDA:25,1,0,3
BRDA:25,1,1,0
BRF:4
BRH:3
end_of_record
TN:
SF:server/controllers/kindergarten/index.js
FNF:0
FNH:0
DA:1,1
DA:3,1
LF:2
LH:2
BRF:0
BRH:0
end_of_record
TN:
SF:server/database/data/build.js
FN:5,(anonymous_0)
FNF:1
FNH:1
FNDA:1,(anonymous_0)
DA:1,1
DA:2,1
DA:3,1
DA:5,1
DA:6,1
DA:7,1
DA:8,1
DA:10,1
DA:12,1
LF:9
LH:9
BRDA:7,0,0,1
BRDA:7,0,1,0
BRF:2
BRH:1
end_of_record
TN:
SF:server/database/data/connection.js
FNF:0
FNH:0
DA:1,1
DA:2,1
DA:4,1
DA:7,1
DA:8,1
DA:10,0
DA:11,0
DA:14,0
DA:15,0
DA:18,1
DA:19,1
DA:22,0
DA:25,1
DA:32,1
LF:14
LH:9
BRDA:8,0,0,0
BRDA:8,0,1,0
BRDA:8,0,2,1
BRDA:8,0,3,0
BRF:4
BRH:1
end_of_record
TN:
SF:server/database/data/index.js
FNF:0
FNH:0
DA:1,1
DA:2,1
DA:4,1
LF:3
LH:3
BRF:0
BRH:0
end_of_record
TN:
SF:server/database/queries/index.js
FNF:0
FNH:0
DA:1,1
DA:3,1
LF:2
LH:2
BRF:0
BRH:0
end_of_record
TN:
SF:server/database/queries/kindergarten/getKindergartenById.js
FN:3,(anonymous_0)
FNF:1
FNH:1
FNDA:4,(anonymous_0)
DA:1,1
DA:3,1
DA:4,4
DA:9,4
DA:12,1
LF:5
LH:5
BRF:0
BRH:0
end_of_record
TN:
SF:server/database/queries/kindergarten/index.js
FNF:0
FNH:0
DA:1,1
DA:3,1
LF:2
LH:2
BRF:0
BRH:0
end_of_record
TN:
SF:server/router/index.js
FN:4,(anonymous_0)
FNF:1
FNH:0
FNDA:0,(anonymous_0)
DA:1,1
DA:2,1
DA:4,1
DA:5,0
DA:8,1
DA:10,1
DA:12,1
LF:7
LH:6
BRF:0
BRH:0
end_of_record
TN:
SF:server/router/kindergarten.js
FNF:0
FNH:0
DA:1,1
DA:3,1
DA:5,1
DA:7,1
LF:4
LH:4
BRF:0
BRH:0
end_of_record
TN:
SF:server/utils/boomify.js
FN:1,(anonymous_0)
FNF:1
FNH:1
FNDA:4,(anonymous_0)
DA:1,4
DA:7,1
LF:2
LH:2
BRF:0
BRH:0
end_of_record
TN:
SF:server/utils/index.js
FNF:0
FNH:0
DA:1,1
DA:3,1
LF:2
LH:2
BRF:0
BRH:0
end_of_record
TN:
SF:server/utils/validation/index.js
FNF:0
FNH:0
DA:1,1
DA:3,1
LF:2
LH:2
BRF:0
BRH:0
end_of_record
TN:
SF:server/utils/validation/kindergartenIdSchema.js
FNF:0
FNH:0
DA:1,1
DA:3,1
DA:7,1
LF:3
LH:3
BRF:0
BRH:0
end_of_record
